<?xml version="1.0" encoding="UTF-8"?>
<testsuite name="forme.LibraryTest" tests="1" skipped="0" failures="0" errors="0" timestamp="2020-08-16T19:37:15" hostname="DESKTOP-QVQNV3G" time="0.002">
  <properties/>
  <testcase name="testSomeLibraryMethod" classname="forme.LibraryTest" time="0.002"/>
  <system-out><![CDATA[]]></system-out>
  <system-err><![CDATA[]]></system-err>
</testsuite>
